Flow report for UART_Avalon
Tue Mar 20 18:30:35 2018
Quartus II 32-bit Version 13.0.1 Build 232 06/12/2013 Service Pack 1 SJ Web Edition


---------------------
; Table of Contents ;
---------------------
  1. Legal Notice
  2. Flow Summary
  3. Flow Settings
  4. Flow Non-Default Global Settings
  5. Flow Elapsed Time
  6. Flow OS Summary
  7. Flow Log
  8. Flow Messages
  9. Flow Suppressed Messages



----------------
; Legal Notice ;
----------------
Copyright (C) 1991-2013 Altera Corporation
Your use of Altera Corporation's design tools, logic functions 
and other software and tools, and its AMPP partner logic 
functions, and any output files from any of the foregoing 
(including device programming or simulation files), and any 
associated documentation or information are expressly subject 
to the terms and conditions of the Altera Program License 
Subscription Agreement, Altera MegaCore Function License 
Agreement, or other applicable license agreement, including, 
without limitation, that your use is for the sole purpose of 
programming logic devices manufactured by Altera and sold by 
Altera or its authorized distributors.  Please refer to the 
applicable agreement for further details.



+--------------------------------------------------------------------------------------+
; Flow Summary                                                                         ;
+------------------------------------+-------------------------------------------------+
; Flow Status                        ; Successful - Tue Mar 20 18:30:31 2018           ;
; Quartus II 32-bit Version          ; 13.0.1 Build 232 06/12/2013 SP 1 SJ Web Edition ;
; Revision Name                      ; UART_Avalon                                     ;
; Top-level Entity Name              ; UART_qsys                                       ;
; Family                             ; Cyclone II                                      ;
; Device                             ; EP2C8Q208C8                                     ;
; Timing Models                      ; Final                                           ;
; Total logic elements               ; 1,749 / 8,256 ( 21 % )                          ;
;     Total combinational functions  ; 1,373 / 8,256 ( 17 % )                          ;
;     Dedicated logic registers      ; 1,113 / 8,256 ( 13 % )                          ;
; Total registers                    ; 1116                                            ;
; Total pins                         ; 7 / 138 ( 5 % )                                 ;
; Total virtual pins                 ; 0                                               ;
; Total memory bits                  ; 90,624 / 165,888 ( 55 % )                       ;
; Embedded Multiplier 9-bit elements ; 0 / 36 ( 0 % )                                  ;
; Total PLLs                         ; 0 / 2 ( 0 % )                                   ;
+------------------------------------+-------------------------------------------------+


+-----------------------------------------+
; Flow Settings                           ;
+-------------------+---------------------+
; Option            ; Setting             ;
+-------------------+---------------------+
; Start date & time ; 03/20/2018 18:29:53 ;
; Main task         ; Compilation         ;
; Revision Name     ; UART_Avalon         ;
+-------------------+---------------------+


+----------------------------------------------------------------------------------------------------------------------------------------------------------------------------------------------+
; Flow Non-Default Global Settings                                                                                                                                                             ;
+-------------------------------------+---------------------------------------------------------------------------------+---------------+-----------------------------------+------------------+
; Assignment Name                     ; Value                                                                           ; Default Value ; Entity Name                       ; Section Id       ;
+-------------------------------------+---------------------------------------------------------------------------------+---------------+-----------------------------------+------------------+
; COMPILER_SIGNATURE_ID               ; 88491855778057.152156339209948                                                  ; --            ; --                                ; --               ;
; ENABLE_SIGNALTAP                    ; On                                                                              ; --            ; --                                ; --               ;
; IP_TOOL_ENV                         ; Qsys                                                                            ; --            ; UART_qsys                         ; --               ;
; IP_TOOL_ENV                         ; Qsys                                                                            ; --            ; UART_qsys_addr_router             ; --               ;
; IP_TOOL_ENV                         ; Qsys                                                                            ; --            ; UART_qsys_cmd_xbar_demux          ; --               ;
; IP_TOOL_ENV                         ; Qsys                                                                            ; --            ; UART_qsys_id_router               ; --               ;
; IP_TOOL_ENV                         ; Qsys                                                                            ; --            ; UART_qsys_master_0                ; --               ;
; IP_TOOL_ENV                         ; Qsys                                                                            ; --            ; UART_qsys_master_0_b2p_adapter    ; --               ;
; IP_TOOL_ENV                         ; Qsys                                                                            ; --            ; UART_qsys_master_0_p2b_adapter    ; --               ;
; IP_TOOL_ENV                         ; Qsys                                                                            ; --            ; UART_qsys_master_0_timing_adt     ; --               ;
; IP_TOOL_ENV                         ; Qsys                                                                            ; --            ; altera_avalon_packets_to_master   ; --               ;
; IP_TOOL_ENV                         ; Qsys                                                                            ; --            ; altera_avalon_sc_fifo             ; --               ;
; IP_TOOL_ENV                         ; Qsys                                                                            ; --            ; altera_avalon_st_bytes_to_packets ; --               ;
; IP_TOOL_ENV                         ; Qsys                                                                            ; --            ; altera_avalon_st_jtag_interface   ; --               ;
; IP_TOOL_ENV                         ; Qsys                                                                            ; --            ; altera_avalon_st_packets_to_bytes ; --               ;
; IP_TOOL_ENV                         ; Qsys                                                                            ; --            ; altera_merlin_burst_adapter       ; --               ;
; IP_TOOL_ENV                         ; Qsys                                                                            ; --            ; altera_merlin_master_agent        ; --               ;
; IP_TOOL_ENV                         ; Qsys                                                                            ; --            ; altera_merlin_master_translator   ; --               ;
; IP_TOOL_ENV                         ; Qsys                                                                            ; --            ; altera_merlin_slave_agent         ; --               ;
; IP_TOOL_ENV                         ; Qsys                                                                            ; --            ; altera_merlin_slave_translator    ; --               ;
; IP_TOOL_ENV                         ; Qsys                                                                            ; --            ; altera_merlin_width_adapter       ; --               ;
; IP_TOOL_ENV                         ; Qsys                                                                            ; --            ; altera_reset_controller           ; --               ;
; IP_TOOL_NAME                        ; Qsys                                                                            ; --            ; UART_qsys                         ; --               ;
; IP_TOOL_NAME                        ; altera_merlin_router                                                            ; --            ; UART_qsys_addr_router             ; --               ;
; IP_TOOL_NAME                        ; altera_merlin_demultiplexer                                                     ; --            ; UART_qsys_cmd_xbar_demux          ; --               ;
; IP_TOOL_NAME                        ; altera_merlin_router                                                            ; --            ; UART_qsys_id_router               ; --               ;
; IP_TOOL_NAME                        ; altera_jtag_avalon_master                                                       ; --            ; UART_qsys_master_0                ; --               ;
; IP_TOOL_NAME                        ; channel_adapter                                                                 ; --            ; UART_qsys_master_0_b2p_adapter    ; --               ;
; IP_TOOL_NAME                        ; channel_adapter                                                                 ; --            ; UART_qsys_master_0_p2b_adapter    ; --               ;
; IP_TOOL_NAME                        ; timing_adapter                                                                  ; --            ; UART_qsys_master_0_timing_adt     ; --               ;
; IP_TOOL_NAME                        ; altera_avalon_packets_to_master                                                 ; --            ; altera_avalon_packets_to_master   ; --               ;
; IP_TOOL_NAME                        ; altera_avalon_sc_fifo                                                           ; --            ; altera_avalon_sc_fifo             ; --               ;
; IP_TOOL_NAME                        ; altera_avalon_st_bytes_to_packets                                               ; --            ; altera_avalon_st_bytes_to_packets ; --               ;
; IP_TOOL_NAME                        ; altera_jtag_dc_streaming                                                        ; --            ; altera_avalon_st_jtag_interface   ; --               ;
; IP_TOOL_NAME                        ; altera_avalon_st_packets_to_bytes                                               ; --            ; altera_avalon_st_packets_to_bytes ; --               ;
; IP_TOOL_NAME                        ; altera_merlin_burst_adapter                                                     ; --            ; altera_merlin_burst_adapter       ; --               ;
; IP_TOOL_NAME                        ; altera_merlin_master_agent                                                      ; --            ; altera_merlin_master_agent        ; --               ;
; IP_TOOL_NAME                        ; altera_merlin_master_translator                                                 ; --            ; altera_merlin_master_translator   ; --               ;
; IP_TOOL_NAME                        ; altera_merlin_slave_agent                                                       ; --            ; altera_merlin_slave_agent         ; --               ;
; IP_TOOL_NAME                        ; altera_merlin_slave_translator                                                  ; --            ; altera_merlin_slave_translator    ; --               ;
; IP_TOOL_NAME                        ; altera_merlin_width_adapter                                                     ; --            ; altera_merlin_width_adapter       ; --               ;
; IP_TOOL_NAME                        ; altera_reset_controller                                                         ; --            ; altera_reset_controller           ; --               ;
; IP_TOOL_VERSION                     ; 13.0sp1                                                                         ; --            ; UART_qsys                         ; --               ;
; IP_TOOL_VERSION                     ; 13.0                                                                            ; --            ; UART_qsys_addr_router             ; --               ;
; IP_TOOL_VERSION                     ; 13.0                                                                            ; --            ; UART_qsys_cmd_xbar_demux          ; --               ;
; IP_TOOL_VERSION                     ; 13.0                                                                            ; --            ; UART_qsys_id_router               ; --               ;
; IP_TOOL_VERSION                     ; 13.0                                                                            ; --            ; UART_qsys_master_0                ; --               ;
; IP_TOOL_VERSION                     ; 13.0                                                                            ; --            ; UART_qsys_master_0_b2p_adapter    ; --               ;
; IP_TOOL_VERSION                     ; 13.0                                                                            ; --            ; UART_qsys_master_0_p2b_adapter    ; --               ;
; IP_TOOL_VERSION                     ; 13.0                                                                            ; --            ; UART_qsys_master_0_timing_adt     ; --               ;
; IP_TOOL_VERSION                     ; 13.0                                                                            ; --            ; altera_avalon_packets_to_master   ; --               ;
; IP_TOOL_VERSION                     ; 13.0                                                                            ; --            ; altera_avalon_sc_fifo             ; --               ;
; IP_TOOL_VERSION                     ; 11.1                                                                            ; --            ; altera_avalon_st_bytes_to_packets ; --               ;
; IP_TOOL_VERSION                     ; 13.0                                                                            ; --            ; altera_avalon_st_jtag_interface   ; --               ;
; IP_TOOL_VERSION                     ; 11.1                                                                            ; --            ; altera_avalon_st_packets_to_bytes ; --               ;
; IP_TOOL_VERSION                     ; 13.0                                                                            ; --            ; altera_merlin_burst_adapter       ; --               ;
; IP_TOOL_VERSION                     ; 13.0                                                                            ; --            ; altera_merlin_master_agent        ; --               ;
; IP_TOOL_VERSION                     ; 13.0                                                                            ; --            ; altera_merlin_master_translator   ; --               ;
; IP_TOOL_VERSION                     ; 13.0                                                                            ; --            ; altera_merlin_slave_agent         ; --               ;
; IP_TOOL_VERSION                     ; 13.0                                                                            ; --            ; altera_merlin_slave_translator    ; --               ;
; IP_TOOL_VERSION                     ; 13.0                                                                            ; --            ; altera_merlin_width_adapter       ; --               ;
; IP_TOOL_VERSION                     ; 13.0                                                                            ; --            ; altera_reset_controller           ; --               ;
; MAX_CORE_JUNCTION_TEMP              ; 85                                                                              ; --            ; --                                ; --               ;
; MIN_CORE_JUNCTION_TEMP              ; 0                                                                               ; --            ; --                                ; --               ;
; MISC_FILE                           ; qsys/qsys/synthesis/../../UART_qsys.cmp                                         ; --            ; --                                ; --               ;
; MISC_FILE                           ; qsys/qsys/synthesis/../../UART_qsys.qsys                                        ; --            ; --                                ; --               ;
; PARTITION_COLOR                     ; 16764057                                                                        ; --            ; UART_qsys                         ; Top              ;
; PARTITION_FITTER_PRESERVATION_LEVEL ; PLACEMENT_AND_ROUTING                                                           ; --            ; UART_qsys                         ; Top              ;
; PARTITION_NETLIST_TYPE              ; SOURCE                                                                          ; --            ; UART_qsys                         ; Top              ;
; POWER_BOARD_THERMAL_MODEL           ; None (CONSERVATIVE)                                                             ; --            ; --                                ; --               ;
; POWER_PRESET_COOLING_SOLUTION       ; 23 MM HEAT SINK WITH 200 LFPM AIRFLOW                                           ; --            ; --                                ; --               ;
; PROJECT_OUTPUT_DIRECTORY            ; output_files                                                                    ; --            ; --                                ; --               ;
; SLD_FILE                            ; D:/Altera/Projects/UART/output_files/stp1_auto_stripped.stp                     ; --            ; --                                ; --               ;
; SLD_INFO                            ; QSYS_NAME UART_qsys HAS_SOPCINFO 1 GENERATION_ID 1521563366                     ; --            ; UART_qsys                         ; --               ;
; SLD_NODE_CREATOR_ID                 ; 110                                                                             ; --            ; --                                ; auto_signaltap_0 ;
; SLD_NODE_ENTITY_NAME                ; sld_signaltap                                                                   ; --            ; --                                ; auto_signaltap_0 ;
; SLD_NODE_PARAMETER_ASSIGNMENT       ; SLD_NODE_INFO=805334528                                                         ; --            ; --                                ; auto_signaltap_0 ;
; SLD_NODE_PARAMETER_ASSIGNMENT       ; SLD_POWER_UP_TRIGGER=0                                                          ; --            ; --                                ; auto_signaltap_0 ;
; SLD_NODE_PARAMETER_ASSIGNMENT       ; SLD_STORAGE_QUALIFIER_INVERSION_MASK_LENGTH=0                                   ; --            ; --                                ; auto_signaltap_0 ;
; SLD_NODE_PARAMETER_ASSIGNMENT       ; SLD_ATTRIBUTE_MEM_MODE=OFF                                                      ; --            ; --                                ; auto_signaltap_0 ;
; SLD_NODE_PARAMETER_ASSIGNMENT       ; SLD_STATE_FLOW_USE_GENERATED=0                                                  ; --            ; --                                ; auto_signaltap_0 ;
; SLD_NODE_PARAMETER_ASSIGNMENT       ; SLD_STATE_BITS=11                                                               ; --            ; --                                ; auto_signaltap_0 ;
; SLD_NODE_PARAMETER_ASSIGNMENT       ; SLD_BUFFER_FULL_STOP=1                                                          ; --            ; --                                ; auto_signaltap_0 ;
; SLD_NODE_PARAMETER_ASSIGNMENT       ; SLD_CURRENT_RESOURCE_WIDTH=1                                                    ; --            ; --                                ; auto_signaltap_0 ;
; SLD_NODE_PARAMETER_ASSIGNMENT       ; SLD_TRIGGER_LEVEL=1                                                             ; --            ; --                                ; auto_signaltap_0 ;
; SLD_NODE_PARAMETER_ASSIGNMENT       ; SLD_TRIGGER_IN_ENABLED=0                                                        ; --            ; --                                ; auto_signaltap_0 ;
; SLD_NODE_PARAMETER_ASSIGNMENT       ; SLD_ADVANCED_TRIGGER_ENTITY=basic,1,                                            ; --            ; --                                ; auto_signaltap_0 ;
; SLD_NODE_PARAMETER_ASSIGNMENT       ; SLD_TRIGGER_LEVEL_PIPELINE=1                                                    ; --            ; --                                ; auto_signaltap_0 ;
; SLD_NODE_PARAMETER_ASSIGNMENT       ; SLD_ENABLE_ADVANCED_TRIGGER=0                                                   ; --            ; --                                ; auto_signaltap_0 ;
; SLD_NODE_PARAMETER_ASSIGNMENT       ; SLD_DATA_BITS=11                                                                ; --            ; --                                ; auto_signaltap_0 ;
; SLD_NODE_PARAMETER_ASSIGNMENT       ; SLD_TRIGGER_BITS=11                                                             ; --            ; --                                ; auto_signaltap_0 ;
; SLD_NODE_PARAMETER_ASSIGNMENT       ; SLD_NODE_CRC_LOWORD=47256                                                       ; --            ; --                                ; auto_signaltap_0 ;
; SLD_NODE_PARAMETER_ASSIGNMENT       ; SLD_INVERSION_MASK=000000000000000000000000000000000000000000000000000000000000 ; --            ; --                                ; auto_signaltap_0 ;
; SLD_NODE_PARAMETER_ASSIGNMENT       ; SLD_INVERSION_MASK_LENGTH=60                                                    ; --            ; --                                ; auto_signaltap_0 ;
; SLD_NODE_PARAMETER_ASSIGNMENT       ; SLD_SEGMENT_SIZE=8192                                                           ; --            ; --                                ; auto_signaltap_0 ;
; SLD_NODE_PARAMETER_ASSIGNMENT       ; SLD_NODE_CRC_HIWORD=20420                                                       ; --            ; --                                ; auto_signaltap_0 ;
; SLD_NODE_PARAMETER_ASSIGNMENT       ; SLD_SAMPLE_DEPTH=8192                                                           ; --            ; --                                ; auto_signaltap_0 ;
; SOPCINFO_FILE                       ; qsys/qsys/synthesis/../../UART_qsys.sopcinfo                                    ; --            ; --                                ; --               ;
; SYNTHESIS_ONLY_QIP                  ; On                                                                              ; --            ; --                                ; --               ;
; TOP_LEVEL_ENTITY                    ; UART_qsys                                                                       ; UART_Avalon   ; --                                ; --               ;
; USE_SIGNALTAP_FILE                  ; output_files/stp1.stp                                                           ; --            ; --                                ; --               ;
+-------------------------------------+---------------------------------------------------------------------------------+---------------+-----------------------------------+------------------+


+-------------------------------------------------------------------------------------------------------------------------------+
; Flow Elapsed Time                                                                                                             ;
+---------------------------+--------------+-------------------------+---------------------+------------------------------------+
; Module Name               ; Elapsed Time ; Average Processors Used ; Peak Virtual Memory ; Total CPU Time (on all processors) ;
+---------------------------+--------------+-------------------------+---------------------+------------------------------------+
; Analysis & Synthesis      ; 00:00:16     ; 1.0                     ; 479 MB              ; 00:00:09                           ;
; Fitter                    ; 00:00:15     ; 1.2                     ; 612 MB              ; 00:00:11                           ;
; Assembler                 ; 00:00:02     ; 1.0                     ; 427 MB              ; 00:00:01                           ;
; TimeQuest Timing Analyzer ; 00:00:03     ; 1.0                     ; 432 MB              ; 00:00:02                           ;
; Total                     ; 00:00:36     ; --                      ; --                  ; 00:00:23                           ;
+---------------------------+--------------+-------------------------+---------------------+------------------------------------+


+----------------------------------------------------------------------------------------+
; Flow OS Summary                                                                        ;
+---------------------------+------------------+-----------+------------+----------------+
; Module Name               ; Machine Hostname ; OS Name   ; OS Version ; Processor type ;
+---------------------------+------------------+-----------+------------+----------------+
; Analysis & Synthesis      ; DoronLenovo      ; Windows 7 ; 6.2        ; x86_64         ;
; Fitter                    ; DoronLenovo      ; Windows 7 ; 6.2        ; x86_64         ;
; Assembler                 ; DoronLenovo      ; Windows 7 ; 6.2        ; x86_64         ;
; TimeQuest Timing Analyzer ; DoronLenovo      ; Windows 7 ; 6.2        ; x86_64         ;
+---------------------------+------------------+-----------+------------+----------------+


------------
; Flow Log ;
------------
quartus_map --read_settings_files=on --write_settings_files=off UART_Avalon -c UART_Avalon
quartus_fit --read_settings_files=off --write_settings_files=off UART_Avalon -c UART_Avalon
quartus_asm --read_settings_files=off --write_settings_files=off UART_Avalon -c UART_Avalon
quartus_sta UART_Avalon -c UART_Avalon



