Flow report for LCD_1602
Sat Jan 06 21:44:30 2018
Quartus II 64-Bit Version 13.0.1 Build 232 06/12/2013 Service Pack 1 SJ Web Edition


---------------------
; Table of Contents ;
---------------------
  1. Legal Notice
  2. Flow Summary
  3. Flow Settings
  4. Flow Non-Default Global Settings
  5. Flow Elapsed Time
  6. Flow OS Summary
  7. Flow Log
  8. Flow Messages
  9. Flow Suppressed Messages



----------------
; Legal Notice ;
----------------
Copyright (C) 1991-2013 Altera Corporation
Your use of Altera Corporation's design tools, logic functions 
and other software and tools, and its AMPP partner logic 
functions, and any output files from any of the foregoing 
(including device programming or simulation files), and any 
associated documentation or information are expressly subject 
to the terms and conditions of the Altera Program License 
Subscription Agreement, Altera MegaCore Function License 
Agreement, or other applicable license agreement, including, 
without limitation, that your use is for the sole purpose of 
programming logic devices manufactured by Altera and sold by 
Altera or its authorized distributors.  Please refer to the 
applicable agreement for further details.



+--------------------------------------------------------------------------------------+
; Flow Summary                                                                         ;
+------------------------------------+-------------------------------------------------+
; Flow Status                        ; Successful - Sat Jan 06 21:44:27 2018           ;
; Quartus II 64-Bit Version          ; 13.0.1 Build 232 06/12/2013 SP 1 SJ Web Edition ;
; Revision Name                      ; LCD_1602                                        ;
; Top-level Entity Name              ; lcd                                             ;
; Family                             ; Cyclone II                                      ;
; Device                             ; EP2C8Q208C8                                     ;
; Timing Models                      ; Final                                           ;
; Total logic elements               ; 3,296 / 8,256 ( 40 % )                          ;
;     Total combinational functions  ; 2,112 / 8,256 ( 26 % )                          ;
;     Dedicated logic registers      ; 2,444 / 8,256 ( 30 % )                          ;
; Total registers                    ; 2444                                            ;
; Total pins                         ; 15 / 138 ( 11 % )                               ;
; Total virtual pins                 ; 0                                               ;
; Total memory bits                  ; 103,936 / 165,888 ( 63 % )                      ;
; Embedded Multiplier 9-bit elements ; 0 / 36 ( 0 % )                                  ;
; Total PLLs                         ; 0 / 2 ( 0 % )                                   ;
+------------------------------------+-------------------------------------------------+


+-----------------------------------------+
; Flow Settings                           ;
+-------------------+---------------------+
; Option            ; Setting             ;
+-------------------+---------------------+
; Start date & time ; 01/06/2018 21:44:00 ;
; Main task         ; Compilation         ;
; Revision Name     ; LCD_1602            ;
+-------------------+---------------------+


+-------------------------------------------------------------------------------------------------------------------------------------------------------------------------------------------------------------------------------------------------------------------------------------------------------------------------------------------------------------------------------------------------------------------------------------------------------------------------+
; Flow Non-Default Global Settings                                                                                                                                                                                                                                                                                                                                                                                                                                        ;
+-------------------------------------+------------------------------------------------------------------------------------------------------------------------------------------------------------------------------------------------------------------------------------------------------------------------------------------------------------------------------------------------------------+---------------+-----------------------------------+------------------+
; Assignment Name                     ; Value                                                                                                                                                                                                                                                                                                                                                      ; Default Value ; Entity Name                       ; Section Id       ;
+-------------------------------------+------------------------------------------------------------------------------------------------------------------------------------------------------------------------------------------------------------------------------------------------------------------------------------------------------------------------------------------------------------+---------------+-----------------------------------+------------------+
; COMPILER_SIGNATURE_ID               ; 88491855778057.151526784016700                                                                                                                                                                                                                                                                                                                             ; --            ; --                                ; --               ;
; ENABLE_SIGNALTAP                    ; On                                                                                                                                                                                                                                                                                                                                                         ; --            ; --                                ; --               ;
; IP_TOOL_ENV                         ; Qsys                                                                                                                                                                                                                                                                                                                                                       ; --            ; altera_avalon_packets_to_master   ; --               ;
; IP_TOOL_ENV                         ; Qsys                                                                                                                                                                                                                                                                                                                                                       ; --            ; altera_avalon_sc_fifo             ; --               ;
; IP_TOOL_ENV                         ; Qsys                                                                                                                                                                                                                                                                                                                                                       ; --            ; altera_avalon_st_bytes_to_packets ; --               ;
; IP_TOOL_ENV                         ; Qsys                                                                                                                                                                                                                                                                                                                                                       ; --            ; altera_avalon_st_jtag_interface   ; --               ;
; IP_TOOL_ENV                         ; Qsys                                                                                                                                                                                                                                                                                                                                                       ; --            ; altera_avalon_st_packets_to_bytes ; --               ;
; IP_TOOL_ENV                         ; Qsys                                                                                                                                                                                                                                                                                                                                                       ; --            ; altera_merlin_burst_adapter       ; --               ;
; IP_TOOL_ENV                         ; Qsys                                                                                                                                                                                                                                                                                                                                                       ; --            ; altera_merlin_master_agent        ; --               ;
; IP_TOOL_ENV                         ; Qsys                                                                                                                                                                                                                                                                                                                                                       ; --            ; altera_merlin_master_translator   ; --               ;
; IP_TOOL_ENV                         ; Qsys                                                                                                                                                                                                                                                                                                                                                       ; --            ; altera_merlin_slave_agent         ; --               ;
; IP_TOOL_ENV                         ; Qsys                                                                                                                                                                                                                                                                                                                                                       ; --            ; altera_merlin_slave_translator    ; --               ;
; IP_TOOL_ENV                         ; Qsys                                                                                                                                                                                                                                                                                                                                                       ; --            ; altera_merlin_width_adapter       ; --               ;
; IP_TOOL_ENV                         ; Qsys                                                                                                                                                                                                                                                                                                                                                       ; --            ; altera_reset_controller           ; --               ;
; IP_TOOL_ENV                         ; Qsys                                                                                                                                                                                                                                                                                                                                                       ; --            ; lcd                               ; --               ;
; IP_TOOL_ENV                         ; Qsys                                                                                                                                                                                                                                                                                                                                                       ; --            ; lcd_addr_router                   ; --               ;
; IP_TOOL_ENV                         ; Qsys                                                                                                                                                                                                                                                                                                                                                       ; --            ; lcd_cmd_xbar_demux                ; --               ;
; IP_TOOL_ENV                         ; Qsys                                                                                                                                                                                                                                                                                                                                                       ; --            ; lcd_id_router                     ; --               ;
; IP_TOOL_ENV                         ; Qsys                                                                                                                                                                                                                                                                                                                                                       ; --            ; lcd_master_0                      ; --               ;
; IP_TOOL_ENV                         ; Qsys                                                                                                                                                                                                                                                                                                                                                       ; --            ; lcd_master_0_b2p_adapter          ; --               ;
; IP_TOOL_ENV                         ; Qsys                                                                                                                                                                                                                                                                                                                                                       ; --            ; lcd_master_0_p2b_adapter          ; --               ;
; IP_TOOL_ENV                         ; Qsys                                                                                                                                                                                                                                                                                                                                                       ; --            ; lcd_master_0_timing_adt           ; --               ;
; IP_TOOL_NAME                        ; altera_avalon_packets_to_master                                                                                                                                                                                                                                                                                                                            ; --            ; altera_avalon_packets_to_master   ; --               ;
; IP_TOOL_NAME                        ; altera_avalon_sc_fifo                                                                                                                                                                                                                                                                                                                                      ; --            ; altera_avalon_sc_fifo             ; --               ;
; IP_TOOL_NAME                        ; altera_avalon_st_bytes_to_packets                                                                                                                                                                                                                                                                                                                          ; --            ; altera_avalon_st_bytes_to_packets ; --               ;
; IP_TOOL_NAME                        ; altera_jtag_dc_streaming                                                                                                                                                                                                                                                                                                                                   ; --            ; altera_avalon_st_jtag_interface   ; --               ;
; IP_TOOL_NAME                        ; altera_avalon_st_packets_to_bytes                                                                                                                                                                                                                                                                                                                          ; --            ; altera_avalon_st_packets_to_bytes ; --               ;
; IP_TOOL_NAME                        ; altera_merlin_burst_adapter                                                                                                                                                                                                                                                                                                                                ; --            ; altera_merlin_burst_adapter       ; --               ;
; IP_TOOL_NAME                        ; altera_merlin_master_agent                                                                                                                                                                                                                                                                                                                                 ; --            ; altera_merlin_master_agent        ; --               ;
; IP_TOOL_NAME                        ; altera_merlin_master_translator                                                                                                                                                                                                                                                                                                                            ; --            ; altera_merlin_master_translator   ; --               ;
; IP_TOOL_NAME                        ; altera_merlin_slave_agent                                                                                                                                                                                                                                                                                                                                  ; --            ; altera_merlin_slave_agent         ; --               ;
; IP_TOOL_NAME                        ; altera_merlin_slave_translator                                                                                                                                                                                                                                                                                                                             ; --            ; altera_merlin_slave_translator    ; --               ;
; IP_TOOL_NAME                        ; altera_merlin_width_adapter                                                                                                                                                                                                                                                                                                                                ; --            ; altera_merlin_width_adapter       ; --               ;
; IP_TOOL_NAME                        ; altera_reset_controller                                                                                                                                                                                                                                                                                                                                    ; --            ; altera_reset_controller           ; --               ;
; IP_TOOL_NAME                        ; Qsys                                                                                                                                                                                                                                                                                                                                                       ; --            ; lcd                               ; --               ;
; IP_TOOL_NAME                        ; altera_merlin_router                                                                                                                                                                                                                                                                                                                                       ; --            ; lcd_addr_router                   ; --               ;
; IP_TOOL_NAME                        ; altera_merlin_demultiplexer                                                                                                                                                                                                                                                                                                                                ; --            ; lcd_cmd_xbar_demux                ; --               ;
; IP_TOOL_NAME                        ; altera_merlin_router                                                                                                                                                                                                                                                                                                                                       ; --            ; lcd_id_router                     ; --               ;
; IP_TOOL_NAME                        ; altera_jtag_avalon_master                                                                                                                                                                                                                                                                                                                                  ; --            ; lcd_master_0                      ; --               ;
; IP_TOOL_NAME                        ; channel_adapter                                                                                                                                                                                                                                                                                                                                            ; --            ; lcd_master_0_b2p_adapter          ; --               ;
; IP_TOOL_NAME                        ; channel_adapter                                                                                                                                                                                                                                                                                                                                            ; --            ; lcd_master_0_p2b_adapter          ; --               ;
; IP_TOOL_NAME                        ; timing_adapter                                                                                                                                                                                                                                                                                                                                             ; --            ; lcd_master_0_timing_adt           ; --               ;
; IP_TOOL_VERSION                     ; 13.0                                                                                                                                                                                                                                                                                                                                                       ; --            ; altera_avalon_packets_to_master   ; --               ;
; IP_TOOL_VERSION                     ; 13.0                                                                                                                                                                                                                                                                                                                                                       ; --            ; altera_avalon_sc_fifo             ; --               ;
; IP_TOOL_VERSION                     ; 11.1                                                                                                                                                                                                                                                                                                                                                       ; --            ; altera_avalon_st_bytes_to_packets ; --               ;
; IP_TOOL_VERSION                     ; 13.0                                                                                                                                                                                                                                                                                                                                                       ; --            ; altera_avalon_st_jtag_interface   ; --               ;
; IP_TOOL_VERSION                     ; 11.1                                                                                                                                                                                                                                                                                                                                                       ; --            ; altera_avalon_st_packets_to_bytes ; --               ;
; IP_TOOL_VERSION                     ; 13.0                                                                                                                                                                                                                                                                                                                                                       ; --            ; altera_merlin_burst_adapter       ; --               ;
; IP_TOOL_VERSION                     ; 13.0                                                                                                                                                                                                                                                                                                                                                       ; --            ; altera_merlin_master_agent        ; --               ;
; IP_TOOL_VERSION                     ; 13.0                                                                                                                                                                                                                                                                                                                                                       ; --            ; altera_merlin_master_translator   ; --               ;
; IP_TOOL_VERSION                     ; 13.0                                                                                                                                                                                                                                                                                                                                                       ; --            ; altera_merlin_slave_agent         ; --               ;
; IP_TOOL_VERSION                     ; 13.0                                                                                                                                                                                                                                                                                                                                                       ; --            ; altera_merlin_slave_translator    ; --               ;
; IP_TOOL_VERSION                     ; 13.0                                                                                                                                                                                                                                                                                                                                                       ; --            ; altera_merlin_width_adapter       ; --               ;
; IP_TOOL_VERSION                     ; 13.0                                                                                                                                                                                                                                                                                                                                                       ; --            ; altera_reset_controller           ; --               ;
; IP_TOOL_VERSION                     ; 13.0sp1                                                                                                                                                                                                                                                                                                                                                    ; --            ; lcd                               ; --               ;
; IP_TOOL_VERSION                     ; 13.0                                                                                                                                                                                                                                                                                                                                                       ; --            ; lcd_addr_router                   ; --               ;
; IP_TOOL_VERSION                     ; 13.0                                                                                                                                                                                                                                                                                                                                                       ; --            ; lcd_cmd_xbar_demux                ; --               ;
; IP_TOOL_VERSION                     ; 13.0                                                                                                                                                                                                                                                                                                                                                       ; --            ; lcd_id_router                     ; --               ;
; IP_TOOL_VERSION                     ; 13.0                                                                                                                                                                                                                                                                                                                                                       ; --            ; lcd_master_0                      ; --               ;
; IP_TOOL_VERSION                     ; 13.0                                                                                                                                                                                                                                                                                                                                                       ; --            ; lcd_master_0_b2p_adapter          ; --               ;
; IP_TOOL_VERSION                     ; 13.0                                                                                                                                                                                                                                                                                                                                                       ; --            ; lcd_master_0_p2b_adapter          ; --               ;
; IP_TOOL_VERSION                     ; 13.0                                                                                                                                                                                                                                                                                                                                                       ; --            ; lcd_master_0_timing_adt           ; --               ;
; MAX_CORE_JUNCTION_TEMP              ; 85                                                                                                                                                                                                                                                                                                                                                         ; --            ; --                                ; --               ;
; MIN_CORE_JUNCTION_TEMP              ; 0                                                                                                                                                                                                                                                                                                                                                          ; --            ; --                                ; --               ;
; MISC_FILE                           ; qsys/lcd/synthesis/../../lcd.cmp                                                                                                                                                                                                                                                                                                                           ; --            ; --                                ; --               ;
; MISC_FILE                           ; qsys/lcd/synthesis/../../lcd.qsys                                                                                                                                                                                                                                                                                                                          ; --            ; --                                ; --               ;
; PARTITION_COLOR                     ; 16764057                                                                                                                                                                                                                                                                                                                                                   ; --            ; lcd                               ; Top              ;
; PARTITION_FITTER_PRESERVATION_LEVEL ; PLACEMENT_AND_ROUTING                                                                                                                                                                                                                                                                                                                                      ; --            ; lcd                               ; Top              ;
; PARTITION_NETLIST_TYPE              ; SOURCE                                                                                                                                                                                                                                                                                                                                                     ; --            ; lcd                               ; Top              ;
; POWER_BOARD_THERMAL_MODEL           ; None (CONSERVATIVE)                                                                                                                                                                                                                                                                                                                                        ; --            ; --                                ; --               ;
; POWER_PRESET_COOLING_SOLUTION       ; 23 MM HEAT SINK WITH 200 LFPM AIRFLOW                                                                                                                                                                                                                                                                                                                      ; --            ; --                                ; --               ;
; PROJECT_OUTPUT_DIRECTORY            ; output_files                                                                                                                                                                                                                                                                                                                                               ; --            ; --                                ; --               ;
; SLD_FILE                            ; D:/Altera/Projects/LCD/output_files/stp1_auto_stripped.stp                                                                                                                                                                                                                                                                                                 ; --            ; --                                ; --               ;
; SLD_INFO                            ; QSYS_NAME lcd HAS_SOPCINFO 1 GENERATION_ID 1515267820                                                                                                                                                                                                                                                                                                      ; --            ; lcd                               ; --               ;
; SLD_NODE_CREATOR_ID                 ; 110                                                                                                                                                                                                                                                                                                                                                        ; --            ; --                                ; auto_signaltap_0 ;
; SLD_NODE_ENTITY_NAME                ; sld_signaltap                                                                                                                                                                                                                                                                                                                                              ; --            ; --                                ; auto_signaltap_0 ;
; SLD_NODE_PARAMETER_ASSIGNMENT       ; SLD_NODE_INFO=805334528                                                                                                                                                                                                                                                                                                                                    ; --            ; --                                ; auto_signaltap_0 ;
; SLD_NODE_PARAMETER_ASSIGNMENT       ; SLD_POWER_UP_TRIGGER=0                                                                                                                                                                                                                                                                                                                                     ; --            ; --                                ; auto_signaltap_0 ;
; SLD_NODE_PARAMETER_ASSIGNMENT       ; SLD_STORAGE_QUALIFIER_INVERSION_MASK_LENGTH=0                                                                                                                                                                                                                                                                                                              ; --            ; --                                ; auto_signaltap_0 ;
; SLD_NODE_PARAMETER_ASSIGNMENT       ; SLD_SEGMENT_SIZE=1024                                                                                                                                                                                                                                                                                                                                      ; --            ; --                                ; auto_signaltap_0 ;
; SLD_NODE_PARAMETER_ASSIGNMENT       ; SLD_ATTRIBUTE_MEM_MODE=OFF                                                                                                                                                                                                                                                                                                                                 ; --            ; --                                ; auto_signaltap_0 ;
; SLD_NODE_PARAMETER_ASSIGNMENT       ; SLD_STATE_FLOW_USE_GENERATED=0                                                                                                                                                                                                                                                                                                                             ; --            ; --                                ; auto_signaltap_0 ;
; SLD_NODE_PARAMETER_ASSIGNMENT       ; SLD_STATE_BITS=11                                                                                                                                                                                                                                                                                                                                          ; --            ; --                                ; auto_signaltap_0 ;
; SLD_NODE_PARAMETER_ASSIGNMENT       ; SLD_BUFFER_FULL_STOP=1                                                                                                                                                                                                                                                                                                                                     ; --            ; --                                ; auto_signaltap_0 ;
; SLD_NODE_PARAMETER_ASSIGNMENT       ; SLD_CURRENT_RESOURCE_WIDTH=1                                                                                                                                                                                                                                                                                                                               ; --            ; --                                ; auto_signaltap_0 ;
; SLD_NODE_PARAMETER_ASSIGNMENT       ; SLD_TRIGGER_LEVEL=1                                                                                                                                                                                                                                                                                                                                        ; --            ; --                                ; auto_signaltap_0 ;
; SLD_NODE_PARAMETER_ASSIGNMENT       ; SLD_SAMPLE_DEPTH=1024                                                                                                                                                                                                                                                                                                                                      ; --            ; --                                ; auto_signaltap_0 ;
; SLD_NODE_PARAMETER_ASSIGNMENT       ; SLD_TRIGGER_IN_ENABLED=0                                                                                                                                                                                                                                                                                                                                   ; --            ; --                                ; auto_signaltap_0 ;
; SLD_NODE_PARAMETER_ASSIGNMENT       ; SLD_ADVANCED_TRIGGER_ENTITY=basic,1,                                                                                                                                                                                                                                                                                                                       ; --            ; --                                ; auto_signaltap_0 ;
; SLD_NODE_PARAMETER_ASSIGNMENT       ; SLD_TRIGGER_LEVEL_PIPELINE=1                                                                                                                                                                                                                                                                                                                               ; --            ; --                                ; auto_signaltap_0 ;
; SLD_NODE_PARAMETER_ASSIGNMENT       ; SLD_ENABLE_ADVANCED_TRIGGER=0                                                                                                                                                                                                                                                                                                                              ; --            ; --                                ; auto_signaltap_0 ;
; SLD_NODE_PARAMETER_ASSIGNMENT       ; SLD_DATA_BITS=101                                                                                                                                                                                                                                                                                                                                          ; --            ; --                                ; auto_signaltap_0 ;
; SLD_NODE_PARAMETER_ASSIGNMENT       ; SLD_TRIGGER_BITS=101                                                                                                                                                                                                                                                                                                                                       ; --            ; --                                ; auto_signaltap_0 ;
; SLD_NODE_PARAMETER_ASSIGNMENT       ; SLD_INVERSION_MASK=000000000000000000000000000000000000000000000000000000000000000000000000000000000000000000000000000000000000000000000000000000000000000000000000000000000000000000000000000000000000000000000000000000000000000000000000000000000000000000000000000000000000000000000000000000000000000000000000000000000000000000000000000000000000000 ; --            ; --                                ; auto_signaltap_0 ;
; SLD_NODE_PARAMETER_ASSIGNMENT       ; SLD_INVERSION_MASK_LENGTH=327                                                                                                                                                                                                                                                                                                                              ; --            ; --                                ; auto_signaltap_0 ;
; SLD_NODE_PARAMETER_ASSIGNMENT       ; SLD_NODE_CRC_LOWORD=43872                                                                                                                                                                                                                                                                                                                                  ; --            ; --                                ; auto_signaltap_0 ;
; SLD_NODE_PARAMETER_ASSIGNMENT       ; SLD_NODE_CRC_HIWORD=57156                                                                                                                                                                                                                                                                                                                                  ; --            ; --                                ; auto_signaltap_0 ;
; SOPCINFO_FILE                       ; qsys/lcd/synthesis/../../lcd.sopcinfo                                                                                                                                                                                                                                                                                                                      ; --            ; --                                ; --               ;
; SYNTHESIS_ONLY_QIP                  ; On                                                                                                                                                                                                                                                                                                                                                         ; --            ; --                                ; --               ;
; TOP_LEVEL_ENTITY                    ; lcd                                                                                                                                                                                                                                                                                                                                                        ; LCD_1602      ; --                                ; --               ;
; USE_SIGNALTAP_FILE                  ; output_files/stp1.stp                                                                                                                                                                                                                                                                                                                                      ; --            ; --                                ; --               ;
; VHDL_INPUT_VERSION                  ; VHDL_2008                                                                                                                                                                                                                                                                                                                                                  ; VHDL_1993     ; --                                ; --               ;
; VHDL_SHOW_LMF_MAPPING_MESSAGES      ; Off                                                                                                                                                                                                                                                                                                                                                        ; --            ; --                                ; --               ;
+-------------------------------------+------------------------------------------------------------------------------------------------------------------------------------------------------------------------------------------------------------------------------------------------------------------------------------------------------------------------------------------------------------+---------------+-----------------------------------+------------------+


+-------------------------------------------------------------------------------------------------------------------------------+
; Flow Elapsed Time                                                                                                             ;
+---------------------------+--------------+-------------------------+---------------------+------------------------------------+
; Module Name               ; Elapsed Time ; Average Processors Used ; Peak Virtual Memory ; Total CPU Time (on all processors) ;
+---------------------------+--------------+-------------------------+---------------------+------------------------------------+
; Analysis & Synthesis      ; 00:00:10     ; 1.0                     ; 632 MB              ; 00:00:10                           ;
; Fitter                    ; 00:00:12     ; 1.5                     ; 1219 MB             ; 00:00:14                           ;
; Assembler                 ; 00:00:01     ; 1.0                     ; 504 MB              ; 00:00:01                           ;
; TimeQuest Timing Analyzer ; 00:00:02     ; 1.0                     ; 580 MB              ; 00:00:02                           ;
; Total                     ; 00:00:25     ; --                      ; --                  ; 00:00:27                           ;
+---------------------------+--------------+-------------------------+---------------------+------------------------------------+


+----------------------------------------------------------------------------------------+
; Flow OS Summary                                                                        ;
+---------------------------+------------------+-----------+------------+----------------+
; Module Name               ; Machine Hostname ; OS Name   ; OS Version ; Processor type ;
+---------------------------+------------------+-----------+------------+----------------+
; Analysis & Synthesis      ; DoronLenovo      ; Windows 7 ; 6.2        ; x86_64         ;
; Fitter                    ; DoronLenovo      ; Windows 7 ; 6.2        ; x86_64         ;
; Assembler                 ; DoronLenovo      ; Windows 7 ; 6.2        ; x86_64         ;
; TimeQuest Timing Analyzer ; DoronLenovo      ; Windows 7 ; 6.2        ; x86_64         ;
+---------------------------+------------------+-----------+------------+----------------+


------------
; Flow Log ;
------------
quartus_map --read_settings_files=on --write_settings_files=off LCD_1602 -c LCD_1602
quartus_fit --read_settings_files=off --write_settings_files=off LCD_1602 -c LCD_1602
quartus_asm --read_settings_files=off --write_settings_files=off LCD_1602 -c LCD_1602
quartus_sta LCD_1602 -c LCD_1602



